TN:
SF:src\lib\calculator.js
FN:1,(anonymous_0)
FNF:1
FNH:1
FNDA:5,(anonymous_0)
DA:1,1
DA:2,5
DA:3,5
DA:5,5
DA:6,3
DA:8,2
LF:6
LH:6
BRDA:5,0,0,3
BRDA:5,0,1,2
BRDA:5,1,0,5
BRDA:5,1,1,2
BRF:4
BRH:4
end_of_record
TN:
SF:src\lib\queryString.js
FN:1,keyValueToString
FN:8,(anonymous_1)
FN:11,(anonymous_2)
FN:12,(anonymous_3)
FNF:4
FNH:4
FNDA:6,keyValueToString
FNDA:3,(anonymous_1)
FNDA:3,(anonymous_2)
FNDA:5,(anonymous_3)
DA:2,6
DA:3,1
DA:5,5
DA:8,1
DA:9,3
DA:11,1
DA:12,3
DA:13,5
DA:14,5
DA:15,1
DA:17,5
LF:11
LH:11
BRDA:2,0,0,1
BRDA:2,0,1,5
BRDA:2,1,0,6
BRDA:2,1,1,2
BRDA:14,2,0,1
BRDA:14,2,1,4
BRF:6
BRH:6
end_of_record
